  Keys.cpp
  Particle_Circle.cpp
  Particle_Rect.cpp
  Particle_Triangle.cpp
  ofApp.cpp
G:\@@@UAL-CCI-CC\year2\Coding2\of_v20230118_vs_release\libs\openFrameworks\math\ofVec3f.h(1,1): warning C4819: 该文件包含不能在当前代码页(936)中表示的字符。请将该文件保存为 Unicode 格式以防止数据丢失 (编译源文件 src\Particle_Triangle.cpp)
G:\@@@UAL-CCI-CC\year2\Coding2\of_v20230118_vs_release\libs\openFrameworks\math\ofVec2f.h(1,1): warning C4819: 该文件包含不能在当前代码页(936)中表示的字符。请将该文件保存为 Unicode 格式以防止数据丢失 (编译源文件 src\Particle_Triangle.cpp)
G:\@@@UAL-CCI-CC\year2\Coding2\of_v20230118_vs_release\libs\openFrameworks\math\ofVec3f.h(1,1): warning C4819: 该文件包含不能在当前代码页(936)中表示的字符。请将该文件保存为 Unicode 格式以防止数据丢失 (编译源文件 src\Particle_Circle.cpp)
G:\@@@UAL-CCI-CC\year2\Coding2\of_v20230118_vs_release\libs\openFrameworks\math\ofVec2f.h(1,1): warning C4819: 该文件包含不能在当前代码页(936)中表示的字符。请将该文件保存为 Unicode 格式以防止数据丢失 (编译源文件 src\Particle_Circle.cpp)
G:\@@@UAL-CCI-CC\year2\Coding2\of_v20230118_vs_release\libs\openFrameworks\math\ofVec3f.h(1,1): warning C4819: 该文件包含不能在当前代码页(936)中表示的字符。请将该文件保存为 Unicode 格式以防止数据丢失 (编译源文件 src\ofApp.cpp)
G:\@@@UAL-CCI-CC\year2\Coding2\of_v20230118_vs_release\libs\openFrameworks\math\ofVec2f.h(1,1): warning C4819: 该文件包含不能在当前代码页(936)中表示的字符。请将该文件保存为 Unicode 格式以防止数据丢失 (编译源文件 src\ofApp.cpp)
G:\@@@UAL-CCI-CC\year2\Coding2\of_v20230118_vs_release\libs\openFrameworks\math\ofVec3f.h(1,1): warning C4819: 该文件包含不能在当前代码页(936)中表示的字符。请将该文件保存为 Unicode 格式以防止数据丢失 (编译源文件 src\Particle_Rect.cpp)
G:\@@@UAL-CCI-CC\year2\Coding2\of_v20230118_vs_release\libs\openFrameworks\math\ofVec2f.h(1,1): warning C4819: 该文件包含不能在当前代码页(936)中表示的字符。请将该文件保存为 Unicode 格式以防止数据丢失 (编译源文件 src\Particle_Rect.cpp)
G:\@@@UAL-CCI-CC\year2\Coding2\of_v20230118_vs_release\libs\openFrameworks\math\ofVec3f.h(1,1): warning C4819: 该文件包含不能在当前代码页(936)中表示的字符。请将该文件保存为 Unicode 格式以防止数据丢失 (编译源文件 src\Keys.cpp)
G:\@@@UAL-CCI-CC\year2\Coding2\of_v20230118_vs_release\libs\openFrameworks\math\ofVec2f.h(1,1): warning C4819: 该文件包含不能在当前代码页(936)中表示的字符。请将该文件保存为 Unicode 格式以防止数据丢失 (编译源文件 src\Keys.cpp)
G:\@@@UAL-CCI-CC\year2\Coding2\of_v20230118_vs_release\libs\openFrameworks\math\ofMatrix4x4.h(326,1): warning C4267: “参数”: 从“size_t”转换到“int”，可能丢失数据 (编译源文件 src\Particle_Circle.cpp)
G:\@@@UAL-CCI-CC\year2\Coding2\of_v20230118_vs_release\libs\openFrameworks\math\ofMatrix4x4.h(331,1): warning C4267: “参数”: 从“size_t”转换到“int”，可能丢失数据 (编译源文件 src\Particle_Circle.cpp)
G:\@@@UAL-CCI-CC\year2\Coding2\of_v20230118_vs_release\libs\openFrameworks\math\ofMatrix4x4.h(326,1): warning C4267: “参数”: 从“size_t”转换到“int”，可能丢失数据 (编译源文件 src\Particle_Triangle.cpp)
G:\@@@UAL-CCI-CC\year2\Coding2\of_v20230118_vs_release\libs\openFrameworks\math\ofMatrix4x4.h(331,1): warning C4267: “参数”: 从“size_t”转换到“int”，可能丢失数据 (编译源文件 src\Particle_Triangle.cpp)
G:\@@@UAL-CCI-CC\year2\Coding2\of_v20230118_vs_release\libs\openFrameworks\math\ofMatrix4x4.h(912,12): warning C4267: “参数”: 从“size_t”转换到“int”，可能丢失数据 (编译源文件 src\Particle_Circle.cpp)
G:\@@@UAL-CCI-CC\year2\Coding2\of_v20230118_vs_release\libs\openFrameworks\math\ofMatrix4x4.h(913,12): warning C4267: “参数”: 从“size_t”转换到“int”，可能丢失数据 (编译源文件 src\Particle_Circle.cpp)
G:\@@@UAL-CCI-CC\year2\Coding2\of_v20230118_vs_release\libs\openFrameworks\math\ofMatrix4x4.h(914,12): warning C4267: “参数”: 从“size_t”转换到“int”，可能丢失数据 (编译源文件 src\Particle_Circle.cpp)
G:\@@@UAL-CCI-CC\year2\Coding2\of_v20230118_vs_release\libs\openFrameworks\math\ofMatrix4x4.h(915,12): warning C4267: “参数”: 从“size_t”转换到“int”，可能丢失数据 (编译源文件 src\Particle_Circle.cpp)
G:\@@@UAL-CCI-CC\year2\Coding2\of_v20230118_vs_release\libs\openFrameworks\math\ofMatrix4x4.h(912,12): warning C4267: “参数”: 从“size_t”转换到“int”，可能丢失数据 (编译源文件 src\Particle_Triangle.cpp)
G:\@@@UAL-CCI-CC\year2\Coding2\of_v20230118_vs_release\libs\openFrameworks\math\ofMatrix4x4.h(913,12): warning C4267: “参数”: 从“size_t”转换到“int”，可能丢失数据 (编译源文件 src\Particle_Triangle.cpp)
G:\@@@UAL-CCI-CC\year2\Coding2\of_v20230118_vs_release\libs\openFrameworks\math\ofMatrix4x4.h(914,12): warning C4267: “参数”: 从“size_t”转换到“int”，可能丢失数据 (编译源文件 src\Particle_Triangle.cpp)
G:\@@@UAL-CCI-CC\year2\Coding2\of_v20230118_vs_release\libs\openFrameworks\math\ofMatrix4x4.h(915,12): warning C4267: “参数”: 从“size_t”转换到“int”，可能丢失数据 (编译源文件 src\Particle_Triangle.cpp)
G:\@@@UAL-CCI-CC\year2\Coding2\of_v20230118_vs_release\libs\openFrameworks\math\ofMatrix4x4.h(326,1): warning C4267: “参数”: 从“size_t”转换到“int”，可能丢失数据 (编译源文件 src\Keys.cpp)
G:\@@@UAL-CCI-CC\year2\Coding2\of_v20230118_vs_release\libs\openFrameworks\math\ofMatrix4x4.h(331,1): warning C4267: “参数”: 从“size_t”转换到“int”，可能丢失数据 (编译源文件 src\Keys.cpp)
G:\@@@UAL-CCI-CC\year2\Coding2\of_v20230118_vs_release\libs\openFrameworks\math\ofMatrix4x4.h(912,12): warning C4267: “参数”: 从“size_t”转换到“int”，可能丢失数据 (编译源文件 src\Keys.cpp)
G:\@@@UAL-CCI-CC\year2\Coding2\of_v20230118_vs_release\libs\openFrameworks\math\ofMatrix4x4.h(913,12): warning C4267: “参数”: 从“size_t”转换到“int”，可能丢失数据 (编译源文件 src\Keys.cpp)
G:\@@@UAL-CCI-CC\year2\Coding2\of_v20230118_vs_release\libs\openFrameworks\math\ofMatrix4x4.h(914,12): warning C4267: “参数”: 从“size_t”转换到“int”，可能丢失数据 (编译源文件 src\Keys.cpp)
G:\@@@UAL-CCI-CC\year2\Coding2\of_v20230118_vs_release\libs\openFrameworks\math\ofMatrix4x4.h(915,12): warning C4267: “参数”: 从“size_t”转换到“int”，可能丢失数据 (编译源文件 src\Keys.cpp)
G:\@@@UAL-CCI-CC\year2\Coding2\of_v20230118_vs_release\libs\openFrameworks\math\ofMatrix4x4.h(326,1): warning C4267: “参数”: 从“size_t”转换到“int”，可能丢失数据 (编译源文件 src\ofApp.cpp)
G:\@@@UAL-CCI-CC\year2\Coding2\of_v20230118_vs_release\libs\openFrameworks\math\ofMatrix4x4.h(331,1): warning C4267: “参数”: 从“size_t”转换到“int”，可能丢失数据 (编译源文件 src\ofApp.cpp)
G:\@@@UAL-CCI-CC\year2\Coding2\of_v20230118_vs_release\libs\openFrameworks\math\ofMatrix4x4.h(326,1): warning C4267: “参数”: 从“size_t”转换到“int”，可能丢失数据 (编译源文件 src\Particle_Rect.cpp)
G:\@@@UAL-CCI-CC\year2\Coding2\of_v20230118_vs_release\libs\openFrameworks\math\ofMatrix4x4.h(331,1): warning C4267: “参数”: 从“size_t”转换到“int”，可能丢失数据 (编译源文件 src\Particle_Rect.cpp)
G:\@@@UAL-CCI-CC\year2\Coding2\of_v20230118_vs_release\libs\openFrameworks\math\ofMatrix4x4.h(912,12): warning C4267: “参数”: 从“size_t”转换到“int”，可能丢失数据 (编译源文件 src\ofApp.cpp)
G:\@@@UAL-CCI-CC\year2\Coding2\of_v20230118_vs_release\libs\openFrameworks\math\ofMatrix4x4.h(913,12): warning C4267: “参数”: 从“size_t”转换到“int”，可能丢失数据 (编译源文件 src\ofApp.cpp)
G:\@@@UAL-CCI-CC\year2\Coding2\of_v20230118_vs_release\libs\openFrameworks\math\ofMatrix4x4.h(914,12): warning C4267: “参数”: 从“size_t”转换到“int”，可能丢失数据 (编译源文件 src\ofApp.cpp)
G:\@@@UAL-CCI-CC\year2\Coding2\of_v20230118_vs_release\libs\openFrameworks\math\ofMatrix4x4.h(915,12): warning C4267: “参数”: 从“size_t”转换到“int”，可能丢失数据 (编译源文件 src\ofApp.cpp)
G:\@@@UAL-CCI-CC\year2\Coding2\of_v20230118_vs_release\libs\openFrameworks\math\ofMatrix4x4.h(912,12): warning C4267: “参数”: 从“size_t”转换到“int”，可能丢失数据 (编译源文件 src\Particle_Rect.cpp)
G:\@@@UAL-CCI-CC\year2\Coding2\of_v20230118_vs_release\libs\openFrameworks\math\ofMatrix4x4.h(913,12): warning C4267: “参数”: 从“size_t”转换到“int”，可能丢失数据 (编译源文件 src\Particle_Rect.cpp)
G:\@@@UAL-CCI-CC\year2\Coding2\of_v20230118_vs_release\libs\openFrameworks\math\ofMatrix4x4.h(914,12): warning C4267: “参数”: 从“size_t”转换到“int”，可能丢失数据 (编译源文件 src\Particle_Rect.cpp)
G:\@@@UAL-CCI-CC\year2\Coding2\of_v20230118_vs_release\libs\openFrameworks\math\ofMatrix4x4.h(915,12): warning C4267: “参数”: 从“size_t”转换到“int”，可能丢失数据 (编译源文件 src\Particle_Rect.cpp)
G:\@@@UAL-CCI-CC\year2\Coding2\of_v20230118_vs_release\apps\myApps\myFinal\src\Keys.cpp(25,2): warning C4267: “初始化”: 从“size_t”转换到“int”，可能丢失数据
G:\@@@UAL-CCI-CC\year2\Coding2\of_v20230118_vs_release\addons\ofxMaxim\libs\maximilian.h(384,3): warning C4996: 'sprintf': This function or variable may be unsafe. Consider using sprintf_s instead. To disable deprecation, use _CRT_SECURE_NO_WARNINGS. See online help for details. (编译源文件 src\ofApp.cpp)
G:\@@@UAL-CCI-CC\year2\Coding2\of_v20230118_vs_release\apps\myApps\myFinal\src\ofApp.cpp(89,2): warning C4267: “初始化”: 从“size_t”转换到“int”，可能丢失数据
LINK : warning LNK4075: 忽略“/INCREMENTAL”(由于“/FORCE”规范)
  myFinal.vcxproj -> G:\@@@UAL-CCI-CC\year2\Coding2\of_v20230118_vs_release\apps\myApps\myFinal\bin\myFinal_debug.exe
  
  	                   2	G:\@@@UAL-CCI-CC\year2\Coding2\of_v20230118_vs_release\libs\fmod\lib\vs\x64\
  	  *多余文件   		 6942208	G:\@@@UAL-CCI-CC\year2\Coding2\of_v20230118_vs_release\apps\myApps\myFinal\bin\FreeImage.dll
  
  	                   1	G:\@@@UAL-CCI-CC\year2\Coding2\of_v20230118_vs_release\libs\FreeImage\lib\vs\x64\
  	  *多余文件   		 1826304	G:\@@@UAL-CCI-CC\year2\Coding2\of_v20230118_vs_release\apps\myApps\myFinal\bin\fmod.dll
  	  *多余文件   		 2041856	G:\@@@UAL-CCI-CC\year2\Coding2\of_v20230118_vs_release\apps\myApps\myFinal\bin\fmodL.dll
